<?xml version="1.0" encoding="UTF-8"?>
<testsuite xmlns:xsi="http://www.w3.org/2001/XMLSchema-instance" xsi:noNamespaceSchemaLocation="https://maven.apache.org/surefire/maven-surefire-plugin/xsd/surefire-test-report.xsd" name="edu.brown.cs.TextToCommandsTest" time="0.008" tests="3" errors="0" skipped="0" failures="0">
  <properties>
    <property name="awt.toolkit" value="sun.lwawt.macosx.LWCToolkit"/>
    <property name="java.specification.version" value="12"/>
    <property name="sun.jnu.encoding" value="UTF-8"/>
    <property name="java.class.path" value="/Users/eiseleappes/Speech-Based-Code-Editor-Project/text2code/target/test-classes:/Users/eiseleappes/Speech-Based-Code-Editor-Project/text2code/target/classes:/Users/eiseleappes/.m2/repository/junit/junit/4.11/junit-4.11.jar:/Users/eiseleappes/.m2/repository/org/hamcrest/hamcrest-core/1.3/hamcrest-core-1.3.jar:"/>
    <property name="java.vm.vendor" value="Oracle Corporation"/>
    <property name="sun.arch.data.model" value="64"/>
    <property name="java.vendor.url" value="https://java.oracle.com/"/>
    <property name="os.name" value="Mac OS X"/>
    <property name="java.vm.specification.version" value="12"/>
    <property name="sun.java.launcher" value="SUN_STANDARD"/>
    <property name="user.country" value="US"/>
    <property name="sun.boot.library.path" value="/Library/Java/JavaVirtualMachines/jdk-12.0.2.jdk/Contents/Home/lib"/>
    <property name="sun.java.command" value="/Users/eiseleappes/Speech-Based-Code-Editor-Project/text2code/target/surefire/surefirebooter3663130342444006834.jar /Users/eiseleappes/Speech-Based-Code-Editor-Project/text2code/target/surefire 2020-11-18T19-51-53_015-jvmRun1 surefire2298377982980501462tmp surefire_014449491607548443924tmp"/>
    <property name="http.nonProxyHosts" value="local|*.local|169.254/16|*.169.254/16"/>
    <property name="jdk.debug" value="release"/>
    <property name="surefire.test.class.path" value="/Users/eiseleappes/Speech-Based-Code-Editor-Project/text2code/target/test-classes:/Users/eiseleappes/Speech-Based-Code-Editor-Project/text2code/target/classes:/Users/eiseleappes/.m2/repository/junit/junit/4.11/junit-4.11.jar:/Users/eiseleappes/.m2/repository/org/hamcrest/hamcrest-core/1.3/hamcrest-core-1.3.jar:"/>
    <property name="sun.cpu.endian" value="little"/>
    <property name="user.home" value="/Users/eiseleappes"/>
    <property name="user.language" value="en"/>
    <property name="java.specification.vendor" value="Oracle Corporation"/>
    <property name="java.version.date" value="2019-07-16"/>
    <property name="java.home" value="/Library/Java/JavaVirtualMachines/jdk-12.0.2.jdk/Contents/Home"/>
    <property name="file.separator" value="/"/>
    <property name="basedir" value="/Users/eiseleappes/Speech-Based-Code-Editor-Project/text2code"/>
    <property name="java.vm.compressedOopsMode" value="Zero based"/>
    <property name="line.separator" value="&#10;"/>
    <property name="java.specification.name" value="Java Platform API Specification"/>
    <property name="java.vm.specification.vendor" value="Oracle Corporation"/>
    <property name="java.awt.graphicsenv" value="sun.awt.CGraphicsEnvironment"/>
    <property name="surefire.real.class.path" value="/Users/eiseleappes/Speech-Based-Code-Editor-Project/text2code/target/surefire/surefirebooter3663130342444006834.jar"/>
    <property name="sun.management.compiler" value="HotSpot 64-Bit Tiered Compilers"/>
    <property name="ftp.nonProxyHosts" value="local|*.local|169.254/16|*.169.254/16"/>
    <property name="java.runtime.version" value="12.0.2+10"/>
    <property name="user.name" value="eiseleappes"/>
    <property name="path.separator" value=":"/>
    <property name="os.version" value="10.14.6"/>
    <property name="java.runtime.name" value="Java(TM) SE Runtime Environment"/>
    <property name="file.encoding" value="UTF-8"/>
    <property name="java.vm.name" value="Java HotSpot(TM) 64-Bit Server VM"/>
    <property name="localRepository" value="/Users/eiseleappes/.m2/repository"/>
    <property name="java.vendor.url.bug" value="https://bugreport.java.com/bugreport/"/>
    <property name="java.io.tmpdir" value="/var/folders/1x/pvwx73j13g1bjgw_bhzvtgs40000gn/T/"/>
    <property name="java.version" value="12.0.2"/>
    <property name="user.dir" value="/Users/eiseleappes/Speech-Based-Code-Editor-Project/text2code"/>
    <property name="os.arch" value="x86_64"/>
    <property name="java.vm.specification.name" value="Java Virtual Machine Specification"/>
    <property name="java.library.path" value="/Users/eiseleappes/Library/Java/Extensions:/Library/Java/Extensions:/Network/Library/Java/Extensions:/System/Library/Java/Extensions:/usr/lib/java:."/>
    <property name="java.vm.info" value="mixed mode, sharing"/>
    <property name="java.vendor" value="Oracle Corporation"/>
    <property name="java.vm.version" value="12.0.2+10"/>
    <property name="sun.io.unicode.encoding" value="UnicodeBig"/>
    <property name="socksNonProxyHosts" value="local|*.local|169.254/16|*.169.254/16"/>
    <property name="java.class.version" value="56.0"/>
  </properties>
  <testcase name="testCommandMatching" classname="edu.brown.cs.TextToCommandsTest" time="0"/>
  <testcase name="testFormatting" classname="edu.brown.cs.TextToCommandsTest" time="0.002"/>
  <testcase name="testSentence" classname="edu.brown.cs.TextToCommandsTest" time="0.005"/>
</testsuite>